INFO pool-1-thread-15 com.ng.my.publisher_confirms.ProducerOrConsumerAsyncBatchConfirm - message:25251-6qquzz3mfg9keqdsrdr1
INFO pool-1-thread-15 com.ng.my.publisher_confirms.ProducerOrConsumerAsyncBatchConfirm - 
INFO pool-1-thread-15 com.ng.my.publisher_confirms.ProducerOrConsumerAsyncBatchConfirm - 接收时间:2023-08-26 14:10:53
INFO pool-1-thread-15 com.ng.my.publisher_confirms.ProducerOrConsumerAsyncBatchConfirm - consumerTag:amq.ctag-_mesgY19tREf4NBQknD-vw
INFO pool-1-thread-15 com.ng.my.publisher_confirms.ProducerOrConsumerAsyncBatchConfirm - properties:{"bodySize":26}
INFO pool-1-thread-15 com.ng.my.publisher_confirms.ProducerOrConsumerAsyncBatchConfirm - envelope:{}
INFO pool-1-thread-15 com.ng.my.publisher_confirms.ProducerOrConsumerAsyncBatchConfirm - message:60943-wkxxf01wv1drhpvh547u
INFO pool-1-thread-15 com.ng.my.publisher_confirms.ProducerOrConsumerAsyncBatchConfirm - 
INFO pool-1-thread-15 com.ng.my.publisher_confirms.ProducerOrConsumerAsyncBatchConfirm - 接收时间:2023-08-26 14:10:53
INFO pool-1-thread-15 com.ng.my.publisher_confirms.ProducerOrConsumerAsyncBatchConfirm - consumerTag:amq.ctag-_mesgY19tREf4NBQknD-vw
INFO pool-1-thread-15 com.ng.my.publisher_confirms.ProducerOrConsumerAsyncBatchConfirm - properties:{"bodySize":26}
INFO pool-1-thread-15 com.ng.my.publisher_confirms.ProducerOrConsumerAsyncBatchConfirm - envelope:{}
INFO pool-1-thread-15 com.ng.my.publisher_confirms.ProducerOrConsumerAsyncBatchConfirm - message:66027-we8hdutf31eu7ufj367k
INFO pool-1-thread-15 com.ng.my.publisher_confirms.ProducerOrConsumerAsyncBatchConfirm - 
INFO pool-1-thread-15 com.ng.my.publisher_confirms.ProducerOrConsumerAsyncBatchConfirm - 接收时间:2023-08-26 14:10:53
INFO pool-1-thread-15 com.ng.my.publisher_confirms.ProducerOrConsumerAsyncBatchConfirm - consumerTag:amq.ctag-_mesgY19tREf4NBQknD-vw
INFO pool-1-thread-15 com.ng.my.publisher_confirms.ProducerOrConsumerAsyncBatchConfirm - properties:{"bodySize":26}
INFO pool-1-thread-15 com.ng.my.publisher_confirms.ProducerOrConsumerAsyncBatchConfirm - envelope:{}
INFO pool-1-thread-15 com.ng.my.publisher_confirms.ProducerOrConsumerAsyncBatchConfirm - message:79430-dn4sqqigpd3626x38c9c
INFO pool-1-thread-15 com.ng.my.publisher_confirms.ProducerOrConsumerAsyncBatchConfirm - 
INFO pool-1-thread-15 com.ng.my.publisher_confirms.ProducerOrConsumerAsyncBatchConfirm - 接收时间:2023-08-26 14:10:53
INFO pool-1-thread-15 com.ng.my.publisher_confirms.ProducerOrConsumerAsyncBatchConfirm - consumerTag:amq.ctag-_mesgY19tREf4NBQknD-vw
INFO pool-1-thread-15 com.ng.my.publisher_confirms.ProducerOrConsumerAsyncBatchConfirm - properties:{"bodySize":26}
INFO pool-1-thread-15 com.ng.my.publisher_confirms.ProducerOrConsumerAsyncBatchConfirm - envelope:{}
INFO pool-1-thread-15 com.ng.my.publisher_confirms.ProducerOrConsumerAsyncBatchConfirm - message:12089-yg17dt1v21d1qxy2z0f0
INFO pool-1-thread-15 com.ng.my.publisher_confirms.ProducerOrConsumerAsyncBatchConfirm - 
INFO pool-1-thread-15 com.ng.my.publisher_confirms.ProducerOrConsumerAsyncBatchConfirm - 接收时间:2023-08-26 14:10:53
INFO pool-1-thread-15 com.ng.my.publisher_confirms.ProducerOrConsumerAsyncBatchConfirm - consumerTag:amq.ctag-_mesgY19tREf4NBQknD-vw
INFO pool-1-thread-15 com.ng.my.publisher_confirms.ProducerOrConsumerAsyncBatchConfirm - properties:{"bodySize":26}
INFO pool-1-thread-15 com.ng.my.publisher_confirms.ProducerOrConsumerAsyncBatchConfirm - envelope:{}
INFO pool-1-thread-15 com.ng.my.publisher_confirms.ProducerOrConsumerAsyncBatchConfirm - message:67470-m4uz8z4wbujchmjiacbg
INFO pool-1-thread-15 com.ng.my.publisher_confirms.ProducerOrConsumerAsyncBatchConfirm - 
INFO pool-1-thread-15 com.ng.my.publisher_confirms.ProducerOrConsumerAsyncBatchConfirm - 接收时间:2023-08-26 14:10:53
INFO pool-1-thread-15 com.ng.my.publisher_confirms.ProducerOrConsumerAsyncBatchConfirm - consumerTag:amq.ctag-_mesgY19tREf4NBQknD-vw
INFO pool-1-thread-15 com.ng.my.publisher_confirms.ProducerOrConsumerAsyncBatchConfirm - properties:{"bodySize":26}
INFO pool-1-thread-15 com.ng.my.publisher_confirms.ProducerOrConsumerAsyncBatchConfirm - envelope:{}
INFO pool-1-thread-15 com.ng.my.publisher_confirms.ProducerOrConsumerAsyncBatchConfirm - message:84379-3ahxh30ps0fx8a8e36pc
INFO pool-1-thread-15 com.ng.my.publisher_confirms.ProducerOrConsumerAsyncBatchConfirm - 
INFO pool-1-thread-15 com.ng.my.publisher_confirms.ProducerOrConsumerAsyncBatchConfirm - 接收时间:2023-08-26 14:10:53
INFO pool-1-thread-15 com.ng.my.publisher_confirms.ProducerOrConsumerAsyncBatchConfirm - consumerTag:amq.ctag-_mesgY19tREf4NBQknD-vw
INFO pool-1-thread-15 com.ng.my.publisher_confirms.ProducerOrConsumerAsyncBatchConfirm - properties:{"bodySize":26}
INFO pool-1-thread-15 com.ng.my.publisher_confirms.ProducerOrConsumerAsyncBatchConfirm - envelope:{}
INFO pool-1-thread-15 com.ng.my.publisher_confirms.ProducerOrConsumerAsyncBatchConfirm - message:46023-9ki6tytjtxcynv1x1z20
INFO pool-1-thread-15 com.ng.my.publisher_confirms.ProducerOrConsumerAsyncBatchConfirm - 
INFO pool-1-thread-15 com.ng.my.publisher_confirms.ProducerOrConsumerAsyncBatchConfirm - 接收时间:2023-08-26 14:10:53
INFO pool-1-thread-15 com.ng.my.publisher_confirms.ProducerOrConsumerAsyncBatchConfirm - consumerTag:amq.ctag-_mesgY19tREf4NBQknD-vw
INFO pool-1-thread-15 com.ng.my.publisher_confirms.ProducerOrConsumerAsyncBatchConfirm - properties:{"bodySize":25}
INFO pool-1-thread-15 com.ng.my.publisher_confirms.ProducerOrConsumerAsyncBatchConfirm - envelope:{}
INFO pool-1-thread-15 com.ng.my.publisher_confirms.ProducerOrConsumerAsyncBatchConfirm - message:5416-qi6vet53efek2uhauu24
INFO pool-1-thread-15 com.ng.my.publisher_confirms.ProducerOrConsumerAsyncBatchConfirm - 
INFO pool-1-thread-15 com.ng.my.publisher_confirms.ProducerOrConsumerAsyncBatchConfirm - 接收时间:2023-08-26 14:10:53
INFO pool-1-thread-15 com.ng.my.publisher_confirms.ProducerOrConsumerAsyncBatchConfirm - consumerTag:amq.ctag-_mesgY19tREf4NBQknD-vw
INFO pool-1-thread-15 com.ng.my.publisher_confirms.ProducerOrConsumerAsyncBatchConfirm - properties:{"bodySize":26}
INFO pool-1-thread-15 com.ng.my.publisher_confirms.ProducerOrConsumerAsyncBatchConfirm - envelope:{}
INFO pool-1-thread-15 com.ng.my.publisher_confirms.ProducerOrConsumerAsyncBatchConfirm - message:50561-3uuskonhd710fecydwwu
INFO pool-1-thread-15 com.ng.my.publisher_confirms.ProducerOrConsumerAsyncBatchConfirm - 
INFO pool-1-thread-15 com.ng.my.publisher_confirms.ProducerOrConsumerAsyncBatchConfirm - 接收时间:2023-08-26 14:10:53
INFO pool-1-thread-15 com.ng.my.publisher_confirms.ProducerOrConsumerAsyncBatchConfirm - consumerTag:amq.ctag-_mesgY19tREf4NBQknD-vw
INFO pool-1-thread-15 com.ng.my.publisher_confirms.ProducerOrConsumerAsyncBatchConfirm - properties:{"bodySize":26}
INFO pool-1-thread-15 com.ng.my.publisher_confirms.ProducerOrConsumerAsyncBatchConfirm - envelope:{}
INFO pool-1-thread-15 com.ng.my.publisher_confirms.ProducerOrConsumerAsyncBatchConfirm - message:15656-8nez21q6whn8wkmcrhn0
INFO pool-1-thread-15 com.ng.my.publisher_confirms.ProducerOrConsumerAsyncBatchConfirm - 
INFO pool-1-thread-15 com.ng.my.publisher_confirms.ProducerOrConsumerAsyncBatchConfirm - 接收时间:2023-08-26 14:10:53
INFO pool-1-thread-15 com.ng.my.publisher_confirms.ProducerOrConsumerAsyncBatchConfirm - consumerTag:amq.ctag-_mesgY19tREf4NBQknD-vw
INFO pool-1-thread-15 com.ng.my.publisher_confirms.ProducerOrConsumerAsyncBatchConfirm - properties:{"bodySize":26}
INFO pool-1-thread-15 com.ng.my.publisher_confirms.ProducerOrConsumerAsyncBatchConfirm - envelope:{}
INFO pool-1-thread-15 com.ng.my.publisher_confirms.ProducerOrConsumerAsyncBatchConfirm - message:73554-yg40tnyg3vhllblhlcu3
INFO pool-1-thread-15 com.ng.my.publisher_confirms.ProducerOrConsumerAsyncBatchConfirm - 
INFO pool-1-thread-15 com.ng.my.publisher_confirms.ProducerOrConsumerAsyncBatchConfirm - 接收时间:2023-08-26 14:10:53
INFO pool-1-thread-15 com.ng.my.publisher_confirms.ProducerOrConsumerAsyncBatchConfirm - consumerTag:amq.ctag-_mesgY19tREf4NBQknD-vw
INFO pool-1-thread-15 com.ng.my.publisher_confirms.ProducerOrConsumerAsyncBatchConfirm - properties:{"bodySize":26}
INFO pool-1-thread-15 com.ng.my.publisher_confirms.ProducerOrConsumerAsyncBatchConfirm - envelope:{}
INFO pool-1-thread-15 com.ng.my.publisher_confirms.ProducerOrConsumerAsyncBatchConfirm - message:51363-s17oqzukad0pyljy22ao
INFO pool-1-thread-15 com.ng.my.publisher_confirms.ProducerOrConsumerAsyncBatchConfirm - 
INFO pool-1-thread-15 com.ng.my.publisher_confirms.ProducerOrConsumerAsyncBatchConfirm - 接收时间:2023-08-26 14:10:53
INFO pool-1-thread-15 com.ng.my.publisher_confirms.ProducerOrConsumerAsyncBatchConfirm - consumerTag:amq.ctag-_mesgY19tREf4NBQknD-vw
INFO pool-1-thread-15 com.ng.my.publisher_confirms.ProducerOrConsumerAsyncBatchConfirm - properties:{"bodySize":26}
INFO pool-1-thread-15 com.ng.my.publisher_confirms.ProducerOrConsumerAsyncBatchConfirm - envelope:{}
INFO pool-1-thread-15 com.ng.my.publisher_confirms.ProducerOrConsumerAsyncBatchConfirm - message:73864-x0y0ppcubvncx1pkyfz7
INFO pool-1-thread-15 com.ng.my.publisher_confirms.ProducerOrConsumerAsyncBatchConfirm - 
INFO pool-1-thread-15 com.ng.my.publisher_confirms.ProducerOrConsumerAsyncBatchConfirm - 接收时间:2023-08-26 14:10:53
INFO pool-1-thread-15 com.ng.my.publisher_confirms.ProducerOrConsumerAsyncBatchConfirm - consumerTag:amq.ctag-_mesgY19tREf4NBQknD-vw
INFO pool-1-thread-15 com.ng.my.publisher_confirms.ProducerOrConsumerAsyncBatchConfirm - properties:{"bodySize":26}
INFO pool-1-thread-15 com.ng.my.publisher_confirms.ProducerOrConsumerAsyncBatchConfirm - envelope:{}
INFO pool-1-thread-15 com.ng.my.publisher_confirms.ProducerOrConsumerAsyncBatchConfirm - message:10656-863l64l1eho4fq6ocwvq
INFO pool-1-thread-15 com.ng.my.publisher_confirms.ProducerOrConsumerAsyncBatchConfirm - 
INFO pool-1-thread-15 com.ng.my.publisher_confirms.ProducerOrConsumerAsyncBatchConfirm - 接收时间:2023-08-26 14:10:53
INFO pool-1-thread-15 com.ng.my.publisher_confirms.ProducerOrConsumerAsyncBatchConfirm - consumerTag:amq.ctag-_mesgY19tREf4NBQknD-vw
INFO pool-1-thread-15 com.ng.my.publisher_confirms.ProducerOrConsumerAsyncBatchConfirm - properties:{"bodySize":26}
INFO pool-1-thread-15 com.ng.my.publisher_confirms.ProducerOrConsumerAsyncBatchConfirm - envelope:{}
INFO pool-1-thread-15 com.ng.my.publisher_confirms.ProducerOrConsumerAsyncBatchConfirm - message:89047-88x2myss9lhiiaxkwzcy
INFO pool-1-thread-15 com.ng.my.publisher_confirms.ProducerOrConsumerAsyncBatchConfirm - 
INFO pool-1-thread-15 com.ng.my.publisher_confirms.ProducerOrConsumerAsyncBatchConfirm - 接收时间:2023-08-26 14:10:53
INFO pool-1-thread-15 com.ng.my.publisher_confirms.ProducerOrConsumerAsyncBatchConfirm - consumerTag:amq.ctag-_mesgY19tREf4NBQknD-vw
INFO pool-1-thread-15 com.ng.my.publisher_confirms.ProducerOrConsumerAsyncBatchConfirm - properties:{"bodySize":26}
INFO pool-1-thread-15 com.ng.my.publisher_confirms.ProducerOrConsumerAsyncBatchConfirm - envelope:{}
INFO pool-1-thread-15 com.ng.my.publisher_confirms.ProducerOrConsumerAsyncBatchConfirm - message:54842-o3ma8nbx1z2hefd8q2eq
INFO pool-1-thread-15 com.ng.my.publisher_confirms.ProducerOrConsumerAsyncBatchConfirm - 
INFO pool-1-thread-15 com.ng.my.publisher_confirms.ProducerOrConsumerAsyncBatchConfirm - 接收时间:2023-08-26 14:10:53
INFO pool-1-thread-15 com.ng.my.publisher_confirms.ProducerOrConsumerAsyncBatchConfirm - consumerTag:amq.ctag-_mesgY19tREf4NBQknD-vw
INFO pool-1-thread-15 com.ng.my.publisher_confirms.ProducerOrConsumerAsyncBatchConfirm - properties:{"bodySize":26}
INFO pool-1-thread-15 com.ng.my.publisher_confirms.ProducerOrConsumerAsyncBatchConfirm - envelope:{}
INFO pool-1-thread-15 com.ng.my.publisher_confirms.ProducerOrConsumerAsyncBatchConfirm - message:30786-yty3ggrj781b0oyvukbb
INFO pool-1-thread-15 com.ng.my.publisher_confirms.ProducerOrConsumerAsyncBatchConfirm - 
INFO pool-1-thread-15 com.ng.my.publisher_confirms.ProducerOrConsumerAsyncBatchConfirm - 接收时间:2023-08-26 14:10:53
INFO pool-1-thread-15 com.ng.my.publisher_confirms.ProducerOrConsumerAsyncBatchConfirm - consumerTag:amq.ctag-_mesgY19tREf4NBQknD-vw
INFO pool-1-thread-15 com.ng.my.publisher_confirms.ProducerOrConsumerAsyncBatchConfirm - properties:{"bodySize":26}
INFO pool-1-thread-15 com.ng.my.publisher_confirms.ProducerOrConsumerAsyncBatchConfirm - envelope:{}
INFO pool-1-thread-15 com.ng.my.publisher_confirms.ProducerOrConsumerAsyncBatchConfirm - message:82202-0k172vojnhgk13stnswy
INFO pool-1-thread-15 com.ng.my.publisher_confirms.ProducerOrConsumerAsyncBatchConfirm - 
INFO pool-1-thread-15 com.ng.my.publisher_confirms.ProducerOrConsumerAsyncBatchConfirm - 接收时间:2023-08-26 14:10:53
INFO pool-1-thread-15 com.ng.my.publisher_confirms.ProducerOrConsumerAsyncBatchConfirm - consumerTag:amq.ctag-_mesgY19tREf4NBQknD-vw
INFO pool-1-thread-15 com.ng.my.publisher_confirms.ProducerOrConsumerAsyncBatchConfirm - properties:{"bodySize":26}
INFO pool-1-thread-15 com.ng.my.publisher_confirms.ProducerOrConsumerAsyncBatchConfirm - envelope:{}
INFO pool-1-thread-15 com.ng.my.publisher_confirms.ProducerOrConsumerAsyncBatchConfirm - message:89034-dm6p15xfupgj3f8ajqav
INFO pool-1-thread-15 com.ng.my.publisher_confirms.ProducerOrConsumerAsyncBatchConfirm - 
INFO pool-1-thread-15 com.ng.my.publisher_confirms.ProducerOrConsumerAsyncBatchConfirm - 接收时间:2023-08-26 14:10:53
INFO pool-1-thread-15 com.ng.my.publisher_confirms.ProducerOrConsumerAsyncBatchConfirm - consumerTag:amq.ctag-_mesgY19tREf4NBQknD-vw
INFO pool-1-thread-15 com.ng.my.publisher_confirms.ProducerOrConsumerAsyncBatchConfirm - properties:{"bodySize":26}
INFO pool-1-thread-15 com.ng.my.publisher_confirms.ProducerOrConsumerAsyncBatchConfirm - envelope:{}
INFO pool-1-thread-15 com.ng.my.publisher_confirms.ProducerOrConsumerAsyncBatchConfirm - message:40532-urfecwr8c3fkfjkm7ofq
INFO pool-1-thread-15 com.ng.my.publisher_confirms.ProducerOrConsumerAsyncBatchConfirm - 
INFO pool-1-thread-15 com.ng.my.publisher_confirms.ProducerOrConsumerAsyncBatchConfirm - 接收时间:2023-08-26 14:10:53
INFO pool-1-thread-15 com.ng.my.publisher_confirms.ProducerOrConsumerAsyncBatchConfirm - consumerTag:amq.ctag-_mesgY19tREf4NBQknD-vw
INFO pool-1-thread-15 com.ng.my.publisher_confirms.ProducerOrConsumerAsyncBatchConfirm - properties:{"bodySize":26}
INFO pool-1-thread-15 com.ng.my.publisher_confirms.ProducerOrConsumerAsyncBatchConfirm - envelope:{}
INFO pool-1-thread-15 com.ng.my.publisher_confirms.ProducerOrConsumerAsyncBatchConfirm - message:28799-gwulauanvicd0t7f767h
INFO pool-1-thread-15 com.ng.my.publisher_confirms.ProducerOrConsumerAsyncBatchConfirm - 
INFO pool-1-thread-15 com.ng.my.publisher_confirms.ProducerOrConsumerAsyncBatchConfirm - 接收时间:2023-08-26 14:10:53
INFO pool-1-thread-15 com.ng.my.publisher_confirms.ProducerOrConsumerAsyncBatchConfirm - consumerTag:amq.ctag-_mesgY19tREf4NBQknD-vw
INFO pool-1-thread-15 com.ng.my.publisher_confirms.ProducerOrConsumerAsyncBatchConfirm - properties:{"bodySize":26}
INFO pool-1-thread-15 com.ng.my.publisher_confirms.ProducerOrConsumerAsyncBatchConfirm - envelope:{}
INFO pool-1-thread-15 com.ng.my.publisher_confirms.ProducerOrConsumerAsyncBatchConfirm - message:57222-v7hrbc4zi68gta2shtbu
INFO pool-1-thread-15 com.ng.my.publisher_confirms.ProducerOrConsumerAsyncBatchConfirm - 
INFO pool-1-thread-15 com.ng.my.publisher_confirms.ProducerOrConsumerAsyncBatchConfirm - 接收时间:2023-08-26 14:10:53
INFO pool-1-thread-15 com.ng.my.publisher_confirms.ProducerOrConsumerAsyncBatchConfirm - consumerTag:amq.ctag-_mesgY19tREf4NBQknD-vw
INFO pool-1-thread-15 com.ng.my.publisher_confirms.ProducerOrConsumerAsyncBatchConfirm - properties:{"bodySize":26}
INFO pool-1-thread-15 com.ng.my.publisher_confirms.ProducerOrConsumerAsyncBatchConfirm - envelope:{}
INFO pool-1-thread-15 com.ng.my.publisher_confirms.ProducerOrConsumerAsyncBatchConfirm - message:35402-iojip4rptc3hvk7yqkus
INFO pool-1-thread-15 com.ng.my.publisher_confirms.ProducerOrConsumerAsyncBatchConfirm - 
INFO pool-1-thread-15 com.ng.my.publisher_confirms.ProducerOrConsumerAsyncBatchConfirm - 接收时间:2023-08-26 14:10:53
INFO pool-1-thread-15 com.ng.my.publisher_confirms.ProducerOrConsumerAsyncBatchConfirm - consumerTag:amq.ctag-_mesgY19tREf4NBQknD-vw
INFO pool-1-thread-15 com.ng.my.publisher_confirms.ProducerOrConsumerAsyncBatchConfirm - properties:{"bodySize":26}
INFO pool-1-thread-15 com.ng.my.publisher_confirms.ProducerOrConsumerAsyncBatchConfirm - envelope:{}
INFO pool-1-thread-15 com.ng.my.publisher_confirms.ProducerOrConsumerAsyncBatchConfirm - message:16641-13zhetlg8mopa7dtisfi
INFO pool-1-thread-15 com.ng.my.publisher_confirms.ProducerOrConsumerAsyncBatchConfirm - 
INFO pool-1-thread-15 com.ng.my.publisher_confirms.ProducerOrConsumerAsyncBatchConfirm - 接收时间:2023-08-26 14:10:53
INFO pool-1-thread-15 com.ng.my.publisher_confirms.ProducerOrConsumerAsyncBatchConfirm - consumerTag:amq.ctag-_mesgY19tREf4NBQknD-vw
INFO pool-1-thread-15 com.ng.my.publisher_confirms.ProducerOrConsumerAsyncBatchConfirm - properties:{"bodySize":26}
INFO pool-1-thread-15 com.ng.my.publisher_confirms.ProducerOrConsumerAsyncBatchConfirm - envelope:{}
INFO pool-1-thread-15 com.ng.my.publisher_confirms.ProducerOrConsumerAsyncBatchConfirm - message:84306-h7hd5jye1ulqw0zbdkko
INFO pool-1-thread-15 com.ng.my.publisher_confirms.ProducerOrConsumerAsyncBatchConfirm - 
INFO pool-1-thread-15 com.ng.my.publisher_confirms.ProducerOrConsumerAsyncBatchConfirm - 接收时间:2023-08-26 14:10:53
INFO pool-1-thread-15 com.ng.my.publisher_confirms.ProducerOrConsumerAsyncBatchConfirm - consumerTag:amq.ctag-_mesgY19tREf4NBQknD-vw
INFO pool-1-thread-15 com.ng.my.publisher_confirms.ProducerOrConsumerAsyncBatchConfirm - properties:{"bodySize":26}
INFO pool-1-thread-15 com.ng.my.publisher_confirms.ProducerOrConsumerAsyncBatchConfirm - envelope:{}
INFO pool-1-thread-15 com.ng.my.publisher_confirms.ProducerOrConsumerAsyncBatchConfirm - message:66226-76a83kpea0wut3xs0qa5
INFO pool-1-thread-15 com.ng.my.publisher_confirms.ProducerOrConsumerAsyncBatchConfirm - 
INFO pool-1-thread-15 com.ng.my.publisher_confirms.ProducerOrConsumerAsyncBatchConfirm - 接收时间:2023-08-26 14:10:53
INFO pool-1-thread-15 com.ng.my.publisher_confirms.ProducerOrConsumerAsyncBatchConfirm - consumerTag:amq.ctag-_mesgY19tREf4NBQknD-vw
INFO pool-1-thread-15 com.ng.my.publisher_confirms.ProducerOrConsumerAsyncBatchConfirm - properties:{"bodySize":25}
INFO pool-1-thread-15 com.ng.my.publisher_confirms.ProducerOrConsumerAsyncBatchConfirm - envelope:{}
INFO pool-1-thread-15 com.ng.my.publisher_confirms.ProducerOrConsumerAsyncBatchConfirm - message:4278-9n1cgp61w55cdztx5uxc
INFO pool-1-thread-15 com.ng.my.publisher_confirms.ProducerOrConsumerAsyncBatchConfirm - 
INFO pool-1-thread-15 com.ng.my.publisher_confirms.ProducerOrConsumerAsyncBatchConfirm - 接收时间:2023-08-26 14:10:53
INFO pool-1-thread-15 com.ng.my.publisher_confirms.ProducerOrConsumerAsyncBatchConfirm - consumerTag:amq.ctag-_mesgY19tREf4NBQknD-vw
INFO pool-1-thread-15 com.ng.my.publisher_confirms.ProducerOrConsumerAsyncBatchConfirm - properties:{"bodySize":26}
INFO pool-1-thread-15 com.ng.my.publisher_confirms.ProducerOrConsumerAsyncBatchConfirm - envelope:{}
INFO pool-1-thread-15 com.ng.my.publisher_confirms.ProducerOrConsumerAsyncBatchConfirm - message:64711-4bvsc4pyim2amrmpptd2
INFO pool-1-thread-15 com.ng.my.publisher_confirms.ProducerOrConsumerAsyncBatchConfirm - 
INFO pool-1-thread-15 com.ng.my.publisher_confirms.ProducerOrConsumerAsyncBatchConfirm - 接收时间:2023-08-26 14:10:53
INFO pool-1-thread-15 com.ng.my.publisher_confirms.ProducerOrConsumerAsyncBatchConfirm - consumerTag:amq.ctag-_mesgY19tREf4NBQknD-vw
INFO pool-1-thread-15 com.ng.my.publisher_confirms.ProducerOrConsumerAsyncBatchConfirm - properties:{"bodySize":24}
INFO pool-1-thread-15 com.ng.my.publisher_confirms.ProducerOrConsumerAsyncBatchConfirm - envelope:{}
INFO pool-1-thread-15 com.ng.my.publisher_confirms.ProducerOrConsumerAsyncBatchConfirm - message:608-qlm8xc3shwijtn995w3k
INFO pool-1-thread-15 com.ng.my.publisher_confirms.ProducerOrConsumerAsyncBatchConfirm - 
INFO pool-1-thread-15 com.ng.my.publisher_confirms.ProducerOrConsumerAsyncBatchConfirm - 接收时间:2023-08-26 14:10:53
INFO pool-1-thread-15 com.ng.my.publisher_confirms.ProducerOrConsumerAsyncBatchConfirm - consumerTag:amq.ctag-_mesgY19tREf4NBQknD-vw
INFO pool-1-thread-15 com.ng.my.publisher_confirms.ProducerOrConsumerAsyncBatchConfirm - properties:{"bodySize":26}
INFO pool-1-thread-15 com.ng.my.publisher_confirms.ProducerOrConsumerAsyncBatchConfirm - envelope:{}
INFO pool-1-thread-15 com.ng.my.publisher_confirms.ProducerOrConsumerAsyncBatchConfirm - message:86772-is2ykp3axjzfrdviffzc
INFO pool-1-thread-15 com.ng.my.publisher_confirms.ProducerOrConsumerAsyncBatchConfirm - 
INFO pool-1-thread-15 com.ng.my.publisher_confirms.ProducerOrConsumerAsyncBatchConfirm - 接收时间:2023-08-26 14:10:53
INFO pool-1-thread-15 com.ng.my.publisher_confirms.ProducerOrConsumerAsyncBatchConfirm - consumerTag:amq.ctag-_mesgY19tREf4NBQknD-vw
INFO pool-1-thread-15 com.ng.my.publisher_confirms.ProducerOrConsumerAsyncBatchConfirm - properties:{"bodySize":26}
INFO pool-1-thread-15 com.ng.my.publisher_confirms.ProducerOrConsumerAsyncBatchConfirm - envelope:{}
INFO pool-1-thread-15 com.ng.my.publisher_confirms.ProducerOrConsumerAsyncBatchConfirm - message:28482-31ehwoletpdd288q8ssn
INFO pool-1-thread-15 com.ng.my.publisher_confirms.ProducerOrConsumerAsyncBatchConfirm - 
INFO pool-1-thread-15 com.ng.my.publisher_confirms.ProducerOrConsumerAsyncBatchConfirm - 接收时间:2023-08-26 14:10:53
INFO pool-1-thread-15 com.ng.my.publisher_confirms.ProducerOrConsumerAsyncBatchConfirm - consumerTag:amq.ctag-_mesgY19tREf4NBQknD-vw
INFO pool-1-thread-15 com.ng.my.publisher_confirms.ProducerOrConsumerAsyncBatchConfirm - properties:{"bodySize":26}
INFO pool-1-thread-15 com.ng.my.publisher_confirms.ProducerOrConsumerAsyncBatchConfirm - envelope:{}
INFO pool-1-thread-15 com.ng.my.publisher_confirms.ProducerOrConsumerAsyncBatchConfirm - message:64205-44swbk1euczv3l438t9w
INFO pool-1-thread-15 com.ng.my.publisher_confirms.ProducerOrConsumerAsyncBatchConfirm - 
INFO pool-1-thread-15 com.ng.my.publisher_confirms.ProducerOrConsumerAsyncBatchConfirm - 接收时间:2023-08-26 14:10:53
INFO pool-1-thread-15 com.ng.my.publisher_confirms.ProducerOrConsumerAsyncBatchConfirm - consumerTag:amq.ctag-_mesgY19tREf4NBQknD-vw
INFO pool-1-thread-15 com.ng.my.publisher_confirms.ProducerOrConsumerAsyncBatchConfirm - properties:{"bodySize":25}
INFO pool-1-thread-15 com.ng.my.publisher_confirms.ProducerOrConsumerAsyncBatchConfirm - envelope:{}
INFO pool-1-thread-15 com.ng.my.publisher_confirms.ProducerOrConsumerAsyncBatchConfirm - message:5097-pgsu3rrujdmby0ugx6fn
INFO pool-1-thread-15 com.ng.my.publisher_confirms.ProducerOrConsumerAsyncBatchConfirm - 
INFO pool-1-thread-15 com.ng.my.publisher_confirms.ProducerOrConsumerAsyncBatchConfirm - 接收时间:2023-08-26 14:10:53
INFO pool-1-thread-15 com.ng.my.publisher_confirms.ProducerOrConsumerAsyncBatchConfirm - consumerTag:amq.ctag-_mesgY19tREf4NBQknD-vw
INFO pool-1-thread-15 com.ng.my.publisher_confirms.ProducerOrConsumerAsyncBatchConfirm - properties:{"bodySize":26}
INFO pool-1-thread-15 com.ng.my.publisher_confirms.ProducerOrConsumerAsyncBatchConfirm - envelope:{}
INFO pool-1-thread-15 com.ng.my.publisher_confirms.ProducerOrConsumerAsyncBatchConfirm - message:44314-tbmkl7aegvue2sjff5zt
INFO pool-1-thread-15 com.ng.my.publisher_confirms.ProducerOrConsumerAsyncBatchConfirm - 
INFO pool-1-thread-15 com.ng.my.publisher_confirms.ProducerOrConsumerAsyncBatchConfirm - 接收时间:2023-08-26 14:10:53
INFO pool-1-thread-15 com.ng.my.publisher_confirms.ProducerOrConsumerAsyncBatchConfirm - consumerTag:amq.ctag-_mesgY19tREf4NBQknD-vw
INFO pool-1-thread-15 com.ng.my.publisher_confirms.ProducerOrConsumerAsyncBatchConfirm - properties:{"bodySize":26}
INFO pool-1-thread-15 com.ng.my.publisher_confirms.ProducerOrConsumerAsyncBatchConfirm - envelope:{}
INFO pool-1-thread-15 com.ng.my.publisher_confirms.ProducerOrConsumerAsyncBatchConfirm - message:55820-g1ynwtd302y9maccrn4x
INFO pool-1-thread-15 com.ng.my.publisher_confirms.ProducerOrConsumerAsyncBatchConfirm - 
INFO pool-1-thread-15 com.ng.my.publisher_confirms.ProducerOrConsumerAsyncBatchConfirm - 接收时间:2023-08-26 14:10:53
INFO pool-1-thread-15 com.ng.my.publisher_confirms.ProducerOrConsumerAsyncBatchConfirm - consumerTag:amq.ctag-_mesgY19tREf4NBQknD-vw
INFO pool-1-thread-15 com.ng.my.publisher_confirms.ProducerOrConsumerAsyncBatchConfirm - properties:{"bodySize":26}
INFO pool-1-thread-15 com.ng.my.publisher_confirms.ProducerOrConsumerAsyncBatchConfirm - envelope:{}
INFO pool-1-thread-15 com.ng.my.publisher_confirms.ProducerOrConsumerAsyncBatchConfirm - message:31728-vlfbh7ryixaerq9jq0lf
INFO pool-1-thread-15 com.ng.my.publisher_confirms.ProducerOrConsumerAsyncBatchConfirm - 
INFO pool-1-thread-15 com.ng.my.publisher_confirms.ProducerOrConsumerAsyncBatchConfirm - 接收时间:2023-08-26 14:10:53
INFO pool-1-thread-15 com.ng.my.publisher_confirms.ProducerOrConsumerAsyncBatchConfirm - consumerTag:amq.ctag-_mesgY19tREf4NBQknD-vw
INFO pool-1-thread-15 com.ng.my.publisher_confirms.ProducerOrConsumerAsyncBatchConfirm - properties:{"bodySize":26}
INFO pool-1-thread-15 com.ng.my.publisher_confirms.ProducerOrConsumerAsyncBatchConfirm - envelope:{}
INFO pool-1-thread-15 com.ng.my.publisher_confirms.ProducerOrConsumerAsyncBatchConfirm - message:63321-4wsxn46ys8awr0dvtlzl
INFO pool-1-thread-15 com.ng.my.publisher_confirms.ProducerOrConsumerAsyncBatchConfirm - 
INFO pool-1-thread-15 com.ng.my.publisher_confirms.ProducerOrConsumerAsyncBatchConfirm - 接收时间:2023-08-26 14:10:53
INFO pool-1-thread-15 com.ng.my.publisher_confirms.ProducerOrConsumerAsyncBatchConfirm - consumerTag:amq.ctag-_mesgY19tREf4NBQknD-vw
INFO pool-1-thread-15 com.ng.my.publisher_confirms.ProducerOrConsumerAsyncBatchConfirm - properties:{"bodySize":26}
INFO pool-1-thread-15 com.ng.my.publisher_confirms.ProducerOrConsumerAsyncBatchConfirm - envelope:{}
INFO pool-1-thread-15 com.ng.my.publisher_confirms.ProducerOrConsumerAsyncBatchConfirm - message:19599-ho1c3vz9gafb2hdniv8d
INFO pool-1-thread-15 com.ng.my.publisher_confirms.ProducerOrConsumerAsyncBatchConfirm - 
INFO pool-1-thread-15 com.ng.my.publisher_confirms.ProducerOrConsumerAsyncBatchConfirm - 接收时间:2023-08-26 14:10:53
INFO pool-1-thread-15 com.ng.my.publisher_confirms.ProducerOrConsumerAsyncBatchConfirm - consumerTag:amq.ctag-_mesgY19tREf4NBQknD-vw
INFO pool-1-thread-15 com.ng.my.publisher_confirms.ProducerOrConsumerAsyncBatchConfirm - properties:{"bodySize":26}
INFO pool-1-thread-15 com.ng.my.publisher_confirms.ProducerOrConsumerAsyncBatchConfirm - envelope:{}
INFO pool-1-thread-15 com.ng.my.publisher_confirms.ProducerOrConsumerAsyncBatchConfirm - message:54955-wyjeq1thxp4zm1pm7ep6
INFO pool-1-thread-15 com.ng.my.publisher_confirms.ProducerOrConsumerAsyncBatchConfirm - 
INFO pool-1-thread-15 com.ng.my.publisher_confirms.ProducerOrConsumerAsyncBatchConfirm - 接收时间:2023-08-26 14:10:53
INFO pool-1-thread-15 com.ng.my.publisher_confirms.ProducerOrConsumerAsyncBatchConfirm - consumerTag:amq.ctag-_mesgY19tREf4NBQknD-vw
INFO pool-1-thread-15 com.ng.my.publisher_confirms.ProducerOrConsumerAsyncBatchConfirm - properties:{"bodySize":26}
INFO pool-1-thread-15 com.ng.my.publisher_confirms.ProducerOrConsumerAsyncBatchConfirm - envelope:{}
INFO pool-1-thread-15 com.ng.my.publisher_confirms.ProducerOrConsumerAsyncBatchConfirm - message:69303-lct83qlhv72zdw5yngi4
INFO pool-1-thread-15 com.ng.my.publisher_confirms.ProducerOrConsumerAsyncBatchConfirm - 
INFO pool-1-thread-15 com.ng.my.publisher_confirms.ProducerOrConsumerAsyncBatchConfirm - 接收时间:2023-08-26 14:10:53
INFO pool-1-thread-15 com.ng.my.publisher_confirms.ProducerOrConsumerAsyncBatchConfirm - consumerTag:amq.ctag-_mesgY19tREf4NBQknD-vw
INFO pool-1-thread-15 com.ng.my.publisher_confirms.ProducerOrConsumerAsyncBatchConfirm - properties:{"bodySize":26}
INFO pool-1-thread-15 com.ng.my.publisher_confirms.ProducerOrConsumerAsyncBatchConfirm - envelope:{}
INFO pool-1-thread-15 com.ng.my.publisher_confirms.ProducerOrConsumerAsyncBatchConfirm - message:25219-zgf3prk171lv582r7twq
INFO pool-1-thread-15 com.ng.my.publisher_confirms.ProducerOrConsumerAsyncBatchConfirm - 
INFO pool-1-thread-15 com.ng.my.publisher_confirms.ProducerOrConsumerAsyncBatchConfirm - 接收时间:2023-08-26 14:10:53
INFO pool-1-thread-15 com.ng.my.publisher_confirms.ProducerOrConsumerAsyncBatchConfirm - consumerTag:amq.ctag-_mesgY19tREf4NBQknD-vw
INFO pool-1-thread-15 com.ng.my.publisher_confirms.ProducerOrConsumerAsyncBatchConfirm - properties:{"bodySize":26}
INFO pool-1-thread-15 com.ng.my.publisher_confirms.ProducerOrConsumerAsyncBatchConfirm - envelope:{}
INFO pool-1-thread-15 com.ng.my.publisher_confirms.ProducerOrConsumerAsyncBatchConfirm - message:39197-lrh9obfa62huccc4f8o5
INFO pool-1-thread-15 com.ng.my.publisher_confirms.ProducerOrConsumerAsyncBatchConfirm - 
INFO pool-1-thread-15 com.ng.my.publisher_confirms.ProducerOrConsumerAsyncBatchConfirm - 接收时间:2023-08-26 14:10:53
INFO pool-1-thread-15 com.ng.my.publisher_confirms.ProducerOrConsumerAsyncBatchConfirm - consumerTag:amq.ctag-_mesgY19tREf4NBQknD-vw
INFO pool-1-thread-15 com.ng.my.publisher_confirms.ProducerOrConsumerAsyncBatchConfirm - properties:{"bodySize":26}
INFO pool-1-thread-15 com.ng.my.publisher_confirms.ProducerOrConsumerAsyncBatchConfirm - envelope:{}
INFO pool-1-thread-15 com.ng.my.publisher_confirms.ProducerOrConsumerAsyncBatchConfirm - message:15864-dtehf1dtnfd1inrdnxxc
INFO pool-1-thread-15 com.ng.my.publisher_confirms.ProducerOrConsumerAsyncBatchConfirm - 
INFO pool-1-thread-15 com.ng.my.publisher_confirms.ProducerOrConsumerAsyncBatchConfirm - 接收时间:2023-08-26 14:10:53
INFO pool-1-thread-15 com.ng.my.publisher_confirms.ProducerOrConsumerAsyncBatchConfirm - consumerTag:amq.ctag-_mesgY19tREf4NBQknD-vw
INFO pool-1-thread-15 com.ng.my.publisher_confirms.ProducerOrConsumerAsyncBatchConfirm - properties:{"bodySize":26}
INFO pool-1-thread-15 com.ng.my.publisher_confirms.ProducerOrConsumerAsyncBatchConfirm - envelope:{}
INFO pool-1-thread-15 com.ng.my.publisher_confirms.ProducerOrConsumerAsyncBatchConfirm - message:63742-egc6iwnon5dmf7eqb8af
INFO pool-1-thread-15 com.ng.my.publisher_confirms.ProducerOrConsumerAsyncBatchConfirm - 
INFO pool-1-thread-15 com.ng.my.publisher_confirms.ProducerOrConsumerAsyncBatchConfirm - 接收时间:2023-08-26 14:10:53
INFO pool-1-thread-15 com.ng.my.publisher_confirms.ProducerOrConsumerAsyncBatchConfirm - consumerTag:amq.ctag-_mesgY19tREf4NBQknD-vw
INFO pool-1-thread-15 com.ng.my.publisher_confirms.ProducerOrConsumerAsyncBatchConfirm - properties:{"bodySize":26}
INFO pool-1-thread-15 com.ng.my.publisher_confirms.ProducerOrConsumerAsyncBatchConfirm - envelope:{}
INFO pool-1-thread-15 com.ng.my.publisher_confirms.ProducerOrConsumerAsyncBatchConfirm - message:76311-wl5mwcoz5dikhat7x40z
INFO pool-1-thread-15 com.ng.my.publisher_confirms.ProducerOrConsumerAsyncBatchConfirm - 
INFO pool-1-thread-15 com.ng.my.publisher_confirms.ProducerOrConsumerAsyncBatchConfirm - 接收时间:2023-08-26 14:10:53
INFO pool-1-thread-15 com.ng.my.publisher_confirms.ProducerOrConsumerAsyncBatchConfirm - consumerTag:amq.ctag-_mesgY19tREf4NBQknD-vw
INFO pool-1-thread-15 com.ng.my.publisher_confirms.ProducerOrConsumerAsyncBatchConfirm - properties:{"bodySize":26}
INFO pool-1-thread-15 com.ng.my.publisher_confirms.ProducerOrConsumerAsyncBatchConfirm - envelope:{}
INFO pool-1-thread-15 com.ng.my.publisher_confirms.ProducerOrConsumerAsyncBatchConfirm - message:37486-ds7320feqrj130yr31i2
INFO pool-1-thread-15 com.ng.my.publisher_confirms.ProducerOrConsumerAsyncBatchConfirm - 
INFO pool-1-thread-15 com.ng.my.publisher_confirms.ProducerOrConsumerAsyncBatchConfirm - 接收时间:2023-08-26 14:10:53
INFO pool-1-thread-15 com.ng.my.publisher_confirms.ProducerOrConsumerAsyncBatchConfirm - consumerTag:amq.ctag-_mesgY19tREf4NBQknD-vw
INFO pool-1-thread-15 com.ng.my.publisher_confirms.ProducerOrConsumerAsyncBatchConfirm - properties:{"bodySize":26}
INFO pool-1-thread-15 com.ng.my.publisher_confirms.ProducerOrConsumerAsyncBatchConfirm - envelope:{}
INFO pool-1-thread-15 com.ng.my.publisher_confirms.ProducerOrConsumerAsyncBatchConfirm - message:30424-epwk93r0rj9teoxelk1u
INFO pool-1-thread-15 com.ng.my.publisher_confirms.ProducerOrConsumerAsyncBatchConfirm - 
INFO pool-1-thread-15 com.ng.my.publisher_confirms.ProducerOrConsumerAsyncBatchConfirm - 接收时间:2023-08-26 14:10:53
INFO pool-1-thread-15 com.ng.my.publisher_confirms.ProducerOrConsumerAsyncBatchConfirm - consumerTag:amq.ctag-_mesgY19tREf4NBQknD-vw
INFO pool-1-thread-15 com.ng.my.publisher_confirms.ProducerOrConsumerAsyncBatchConfirm - properties:{"bodySize":26}
INFO pool-1-thread-15 com.ng.my.publisher_confirms.ProducerOrConsumerAsyncBatchConfirm - envelope:{}
INFO pool-1-thread-15 com.ng.my.publisher_confirms.ProducerOrConsumerAsyncBatchConfirm - message:68237-qkc9f6dya4awdcop7mhn
INFO pool-1-thread-15 com.ng.my.publisher_confirms.ProducerOrConsumerAsyncBatchConfirm - 
INFO pool-1-thread-15 com.ng.my.publisher_confirms.ProducerOrConsumerAsyncBatchConfirm - 接收时间:2023-08-26 14:10:53
INFO pool-1-thread-15 com.ng.my.publisher_confirms.ProducerOrConsumerAsyncBatchConfirm - consumerTag:amq.ctag-_mesgY19tREf4NBQknD-vw
INFO pool-1-thread-15 com.ng.my.publisher_confirms.ProducerOrConsumerAsyncBatchConfirm - properties:{"bodySize":26}
INFO pool-1-thread-15 com.ng.my.publisher_confirms.ProducerOrConsumerAsyncBatchConfirm - envelope:{}
INFO pool-1-thread-15 com.ng.my.publisher_confirms.ProducerOrConsumerAsyncBatchConfirm - message:13921-zeulrz0sih3wpztnwto7
INFO pool-1-thread-15 com.ng.my.publisher_confirms.ProducerOrConsumerAsyncBatchConfirm - 
INFO pool-1-thread-15 com.ng.my.publisher_confirms.ProducerOrConsumerAsyncBatchConfirm - 接收时间:2023-08-26 14:10:53
INFO pool-1-thread-15 com.ng.my.publisher_confirms.ProducerOrConsumerAsyncBatchConfirm - consumerTag:amq.ctag-_mesgY19tREf4NBQknD-vw
INFO pool-1-thread-15 com.ng.my.publisher_confirms.ProducerOrConsumerAsyncBatchConfirm - properties:{"bodySize":26}
INFO pool-1-thread-15 com.ng.my.publisher_confirms.ProducerOrConsumerAsyncBatchConfirm - envelope:{}
INFO pool-1-thread-15 com.ng.my.publisher_confirms.ProducerOrConsumerAsyncBatchConfirm - message:81585-fa3gned5ry4qu7pesaau
INFO pool-1-thread-15 com.ng.my.publisher_confirms.ProducerOrConsumerAsyncBatchConfirm - 
INFO main com.ng.my.topic.EmitLogTopic - start
INFO main com.ng.my.topic.EmitLogTopic - end
INFO main com.ng.my.topic.ReceiveLogsTopic01 - start
INFO main com.ng.my.topic.EmitLogTopic - start
INFO main com.ng.my.topic.EmitLogTopic - end
INFO main com.ng.my.topic.ReceiveLogsTopic01 - end
INFO main com.ng.my.topic.ReceiveLogsTopic02 - start
INFO main com.ng.my.topic.ReceiveLogsTopic01 - start
INFO main com.ng.my.topic.EmitLogTopic - start
INFO main com.ng.my.topic.EmitLogTopic - end
INFO main com.ng.my.topic.ReceiveLogsTopic02 - end
INFO main com.ng.my.topic.ReceiveLogsTopic01 - end
